mode: atomic
github.com/trungdung211/token-price-fetcher/pkg/timeseries/bucket.go:16.40,17.12 1 0
github.com/trungdung211/token-price-fetcher/pkg/timeseries/bucket.go:27.2,27.11 1 0
github.com/trungdung211/token-price-fetcher/pkg/timeseries/bucket.go:18.29,19.16 1 0
github.com/trungdung211/token-price-fetcher/pkg/timeseries/bucket.go:20.30,21.17 1 0
github.com/trungdung211/token-price-fetcher/pkg/timeseries/bucket.go:22.31,23.18 1 0
github.com/trungdung211/token-price-fetcher/pkg/timeseries/bucket.go:24.29,25.16 1 0
github.com/trungdung211/token-price-fetcher/pkg/timeseries/bucket.go:30.58,31.15 1 8
github.com/trungdung211/token-price-fetcher/pkg/timeseries/bucket.go:32.29,33.25 1 3
github.com/trungdung211/token-price-fetcher/pkg/timeseries/bucket.go:34.30,35.23 1 2
github.com/trungdung211/token-price-fetcher/pkg/timeseries/bucket.go:36.31,37.23 1 2
github.com/trungdung211/token-price-fetcher/pkg/timeseries/bucket.go:38.10,39.24 1 1
github.com/trungdung211/token-price-fetcher/pkg/timeseries/bucket.go:43.83,46.2 2 20
github.com/trungdung211/token-price-fetcher/pkg/timeseries/bucket.go:54.47,59.2 1 8
github.com/trungdung211/token-price-fetcher/pkg/timeseries/bucket.go:61.100,62.55 1 28
github.com/trungdung211/token-price-fetcher/pkg/timeseries/bucket.go:69.2,69.8 1 28
github.com/trungdung211/token-price-fetcher/pkg/timeseries/bucket.go:62.55,68.3 5 20
github.com/trungdung211/token-price-fetcher/pkg/timeseries/ema.go:7.66,9.27 2 1
github.com/trungdung211/token-price-fetcher/pkg/timeseries/ema.go:12.2,12.21 1 1
github.com/trungdung211/token-price-fetcher/pkg/timeseries/ema.go:15.2,15.45 1 0
github.com/trungdung211/token-price-fetcher/pkg/timeseries/ema.go:9.27,11.3 1 4
github.com/trungdung211/token-price-fetcher/pkg/timeseries/ema.go:12.21,14.3 1 1
github.com/trungdung211/token-price-fetcher/pkg/timeseries/ema.go:18.96,19.48 1 1
github.com/trungdung211/token-price-fetcher/pkg/timeseries/ema.go:22.2,22.29 1 1
github.com/trungdung211/token-price-fetcher/pkg/timeseries/ema.go:25.2,27.42 3 1
github.com/trungdung211/token-price-fetcher/pkg/timeseries/ema.go:31.2,31.17 1 1
github.com/trungdung211/token-price-fetcher/pkg/timeseries/ema.go:19.48,21.3 1 0
github.com/trungdung211/token-price-fetcher/pkg/timeseries/ema.go:22.29,24.3 1 0
github.com/trungdung211/token-price-fetcher/pkg/timeseries/ema.go:27.42,29.3 1 2
github.com/trungdung211/token-price-fetcher/pkg/timeseries/repository.go:10.142,17.2 1 0
github.com/trungdung211/token-price-fetcher/pkg/timeseries/repository.go:19.87,25.2 4 0
github.com/trungdung211/token-price-fetcher/pkg/timeseries/timeseries.go:28.156,31.36 3 4
github.com/trungdung211/token-price-fetcher/pkg/timeseries/timeseries.go:34.2,40.3 1 4
github.com/trungdung211/token-price-fetcher/pkg/timeseries/timeseries.go:31.36,33.3 1 8
github.com/trungdung211/token-price-fetcher/pkg/timeseries/timeseries.go:43.80,44.39 1 13
github.com/trungdung211/token-price-fetcher/pkg/timeseries/timeseries.go:44.39,45.62 1 28
github.com/trungdung211/token-price-fetcher/pkg/timeseries/timeseries.go:45.62,51.41 3 20
github.com/trungdung211/token-price-fetcher/pkg/timeseries/timeseries.go:54.4,54.27 1 20
github.com/trungdung211/token-price-fetcher/pkg/timeseries/timeseries.go:51.41,53.5 1 2
github.com/trungdung211/token-price-fetcher/pkg/timeseries/timeseries.go:54.27,61.5 1 0
github.com/trungdung211/token-price-fetcher/pkg/timeseries/timeseries.go:66.84,67.27 1 1
github.com/trungdung211/token-price-fetcher/pkg/timeseries/timeseries.go:70.2,70.8 1 1
github.com/trungdung211/token-price-fetcher/pkg/timeseries/timeseries.go:67.27,69.3 1 5
github.com/trungdung211/token-price-fetcher/pkg/timeseries/timeseries.go:73.100,74.50 1 6
github.com/trungdung211/token-price-fetcher/pkg/timeseries/timeseries.go:79.2,80.8 2 0
github.com/trungdung211/token-price-fetcher/pkg/timeseries/timeseries.go:74.50,77.3 2 6
github.com/trungdung211/token-price-fetcher/pkg/timeseries/timeseries.go:83.67,85.30 2 1
github.com/trungdung211/token-price-fetcher/pkg/timeseries/timeseries.go:89.2,89.13 1 1
github.com/trungdung211/token-price-fetcher/pkg/timeseries/timeseries.go:85.30,87.3 1 2
